<?xml version="1.0" encoding="UTF-8"?>
<robot generator="Robot 5.0 (Python 3.10.2 on win32)" generated="20220406 17:25:18.925" rpa="false" schemaversion="3">
<suite id="s1" name="Demo" source="C:\Users\Nithin\PycharmProjects\robotframework\tests\SampleApp\FunctionalTestSuite\Demo.robot">
<test id="s1-t1" name="login page testcase" line="6">
<kw name="Log" library="BuiltIn">
<arg>hello</arg>
<doc>Logs the given message with the given level.</doc>
<msg timestamp="20220406 17:25:18.961" level="INFO">hello</msg>
<status status="PASS" starttime="20220406 17:25:18.960" endtime="20220406 17:25:18.961"/>
</kw>
<doc>login for user</doc>
<tag>user</tag>
<status status="PASS" starttime="20220406 17:25:18.959" endtime="20220406 17:25:18.961"/>
</test>
<test id="s1-t2" name="Registration page testcase" line="11">
<kw name="Log" library="BuiltIn">
<arg>welcome</arg>
<doc>Logs the given message with the given level.</doc>
<msg timestamp="20220406 17:25:18.964" level="INFO">welcome</msg>
<status status="PASS" starttime="20220406 17:25:18.964" endtime="20220406 17:25:18.965"/>
</kw>
<doc>login for user</doc>
<tag>user</tag>
<status status="PASS" starttime="20220406 17:25:18.963" endtime="20220406 17:25:18.965"/>
</test>
<test id="s1-t3" name="Dashboard testcase" line="16">
<kw name="Log" library="BuiltIn">
<arg>down</arg>
<doc>Logs the given message with the given level.</doc>
<msg timestamp="20220406 17:25:18.972" level="INFO">down</msg>
<status status="PASS" starttime="20220406 17:25:18.971" endtime="20220406 17:25:18.972"/>
</kw>
<doc>login for user</doc>
<status status="PASS" starttime="20220406 17:25:18.970" endtime="20220406 17:25:18.972"/>
</test>
<status status="PASS" starttime="20220406 17:25:18.928" endtime="20220406 17:25:18.974"/>
</suite>
<statistics>
<total>
<stat pass="3" fail="0" skip="0">All Tests</stat>
</total>
<tag>
<stat pass="2" fail="0" skip="0">user</stat>
</tag>
<suite>
<stat pass="3" fail="0" skip="0" id="s1" name="Demo">Demo</stat>
</suite>
</statistics>
<errors>
</errors>
</robot>
