<?xml version="1.0" encoding="UTF-8"?>
<robot generator="Robot 5.0 (Python 3.10.2 on win32)" generated="20220407 14:42:27.235" rpa="false" schemaversion="3">
<suite id="s1" name="Demo" source="C:\Users\Nithin\PycharmProjects\robotframework\tests\SampleApp\FunctionalTestSuite\Demo.robot">
<test id="s1-t1" name="login page testcase" line="9">
<kw name="Log" library="BuiltIn">
<arg>hello</arg>
<doc>Logs the given message with the given level.</doc>
<msg timestamp="20220407 14:42:27.519" level="INFO">hello</msg>
<status status="PASS" starttime="20220407 14:42:27.519" endtime="20220407 14:42:27.519"/>
</kw>
<doc>login for user</doc>
<tag>user</tag>
<status status="PASS" starttime="20220407 14:42:27.518" endtime="20220407 14:42:27.519"/>
</test>
<test id="s1-t2" name="Registration page testcase" line="14">
<kw name="Log" library="BuiltIn">
<arg>welcome</arg>
<doc>Logs the given message with the given level.</doc>
<msg timestamp="20220407 14:42:27.522" level="INFO">welcome</msg>
<status status="PASS" starttime="20220407 14:42:27.522" endtime="20220407 14:42:27.522"/>
</kw>
<doc>login for user</doc>
<tag>user</tag>
<status status="PASS" starttime="20220407 14:42:27.521" endtime="20220407 14:42:27.523"/>
</test>
<test id="s1-t3" name="Dashboard testcase" line="19">
<kw name="Log" library="BuiltIn">
<arg>down</arg>
<doc>Logs the given message with the given level.</doc>
<msg timestamp="20220407 14:42:27.524" level="INFO">down</msg>
<status status="PASS" starttime="20220407 14:42:27.524" endtime="20220407 14:42:27.524"/>
</kw>
<doc>login for user</doc>
<status status="PASS" starttime="20220407 14:42:27.524" endtime="20220407 14:42:27.524"/>
</test>
<test id="s1-t4" name="Google testcase" line="23">
<kw name="Open Browser" library="SeleniumLibrary">
<arg>${url}</arg>
<arg>chrome</arg>
<doc>Opens a new browser instance to the optional ``url``.</doc>
<msg timestamp="20220407 14:42:27.527" level="INFO">Opening browser 'chrome' to base url 'https://www.google.com/'.</msg>
<status status="PASS" starttime="20220407 14:42:27.527" endtime="20220407 14:42:32.272"/>
</kw>
<kw name="Input Text" library="SeleniumLibrary">
<arg>name:q</arg>
<arg>${search_parameter}</arg>
<doc>Types the given ``text`` into the text field identified by ``locator``.</doc>
<msg timestamp="20220407 14:42:32.273" level="INFO">Typing text 'harman' into text field 'name:q'.</msg>
<status status="PASS" starttime="20220407 14:42:32.273" endtime="20220407 14:42:32.389"/>
</kw>
<kw name="Submit Form" library="SeleniumLibrary">
<doc>Submits a form identified by ``locator``.</doc>
<msg timestamp="20220407 14:42:32.390" level="INFO">Submitting form 'None'.</msg>
<status status="PASS" starttime="20220407 14:42:32.390" endtime="20220407 14:42:34.432"/>
</kw>
<kw name="Close Browser" library="SeleniumLibrary">
<doc>Closes the current browser.</doc>
<status status="PASS" starttime="20220407 14:42:34.433" endtime="20220407 14:42:36.655"/>
</kw>
<doc>google test</doc>
<status status="PASS" starttime="20220407 14:42:27.526" endtime="20220407 14:42:36.656"/>
</test>
<status status="PASS" starttime="20220407 14:42:27.237" endtime="20220407 14:42:36.660"/>
</suite>
<statistics>
<total>
<stat pass="4" fail="0" skip="0">All Tests</stat>
</total>
<tag>
<stat pass="2" fail="0" skip="0">user</stat>
</tag>
<suite>
<stat pass="4" fail="0" skip="0" id="s1" name="Demo">Demo</stat>
</suite>
</statistics>
<errors>
</errors>
</robot>
